<?xml version="1.0" encoding="UTF-8"?><testrun name="MyRun1" project="bddFrameworkDemo" tests="1" started="1" failures="0" errors="1" ignored="0">
  <testsuite name="testRunners.MyRun1" time="10.15">
    <testsuite name="Feature: AmazonLogin" time="10.15">
      <testcase name="Login functionality Test" classname="AmazonLogin" time="10.15">
        <error>org.openqa.selenium.ElementNotInteractableException: element not interactable
  (Session info: chrome=109.0.5414.120)
Build info: version: '4.2.1', revision: 'ac4d0fdd4a'
System info: host: 'HQSWL-C053000', ip: '10.0.0.167', os.name: 'Windows 10', os.arch: 'amd64', os.version: '10.0', java.version: '11.0.14.1'
Driver info: org.openqa.selenium.chrome.ChromeDriver
Command: [702597be2fab3796f4b6cd2499889bcc, clickElement {id=cf76137f-01a4-46aa-98d8-d1ada5a4ee5d}]
Capabilities {acceptInsecureCerts: false, browserName: chrome, browserVersion: 109.0.5414.120, chrome: {chromedriverVersion: 108.0.5359.71 (1e0e3868ee06..., userDataDir: C:\Users\AMOHAM~1\AppData\L...}, goog:chromeOptions: {debuggerAddress: localhost:56057}, networkConnectionEnabled: false, pageLoadStrategy: normal, platformName: WINDOWS, proxy: Proxy(), se:cdp: ws://localhost:56057/devtoo..., se:cdpVersion: 109.0.5414.120, setWindowRect: true, strictFileInteractability: false, timeouts: {implicit: 0, pageLoad: 300000, script: 30000}, unhandledPromptBehavior: dismiss and notify, webauthn:extension:credBlob: true, webauthn:extension:largeBlob: true, webauthn:virtualAuthenticators: true}
Element: [[ChromeDriver: chrome on WINDOWS (702597be2fab3796f4b6cd2499889bcc)] -&gt; xpath: //*[@id='nav-flyout-ya-signin']/a/span]
Session ID: 702597be2fab3796f4b6cd2499889bcc&#13;
	at java.base/jdk.internal.reflect.NativeConstructorAccessorImpl.newInstance0(Native Method)&#13;
	at java.base/jdk.internal.reflect.NativeConstructorAccessorImpl.newInstance(NativeConstructorAccessorImpl.java:62)&#13;
	at java.base/jdk.internal.reflect.DelegatingConstructorAccessorImpl.newInstance(DelegatingConstructorAccessorImpl.java:45)&#13;
	at java.base/java.lang.reflect.Constructor.newInstance(Constructor.java:490)&#13;
	at org.openqa.selenium.remote.codec.w3c.W3CHttpResponseCodec.createException(W3CHttpResponseCodec.java:200)&#13;
	at org.openqa.selenium.remote.codec.w3c.W3CHttpResponseCodec.decode(W3CHttpResponseCodec.java:133)&#13;
	at org.openqa.selenium.remote.codec.w3c.W3CHttpResponseCodec.decode(W3CHttpResponseCodec.java:53)&#13;
	at org.openqa.selenium.remote.HttpCommandExecutor.execute(HttpCommandExecutor.java:184)&#13;
	at org.openqa.selenium.remote.service.DriverCommandExecutor.invokeExecute(DriverCommandExecutor.java:167)&#13;
	at org.openqa.selenium.remote.service.DriverCommandExecutor.execute(DriverCommandExecutor.java:142)&#13;
	at org.openqa.selenium.remote.RemoteWebDriver.execute(RemoteWebDriver.java:551)&#13;
	at org.openqa.selenium.remote.RemoteWebElement.execute(RemoteWebElement.java:257)&#13;
	at org.openqa.selenium.remote.RemoteWebElement.click(RemoteWebElement.java:78)&#13;
	at pomPages.ClsAmazon.clickSignin(ClsAmazon.java:22)&#13;
	at stepDefnitions.steps.user_click_on_signin_button(steps.java:34)&#13;
	at âœ½.user click on signin button(file:Features/login.feature:5)&#13;
&#13;
</error>
      </testcase>
    </testsuite>
  </testsuite>
</testrun>
